app/build/intermediates/manifest_merge_blame_file/debug/manifest-merger-blame-debug-report.txt
1<?xml version="1.0" encoding="utf-8"?>
2<manifest xmlns:android="http://schemas.android.com/apk/res/android"
3    package="com.languagetranslator.translate"
4    android:versionCode="1"
5    android:versionName="1.0" >
6
7    <uses-sdk
8        android:minSdkVersion="19"
8-->src\main\AndroidManifest.xml
9        android:targetSdkVersion="31" />
9-->src\main\AndroidManifest.xml
10
11    <uses-permission android:name="android.permission.ACCESS_NETWORK_STATE" />
11-->[com.google.mlkit:translate:17.0.1] AndroidManifest.xml:7:5-79
11-->[com.google.mlkit:translate:17.0.1] AndroidManifest.xml:7:22-76
12    <uses-permission android:name="android.permission.INTERNET" />
12-->[com.google.mlkit:translate:17.0.1] AndroidManifest.xml:8:5-67
12-->[com.google.mlkit:translate:17.0.1] AndroidManifest.xml:8:22-64
13
14    <application
14-->src\main\AndroidManifest.xml:7:5-22:19
15        android:name="androidx.multidex.MultiDexApplication"
16        android:allowBackup="true"
16-->src\main\AndroidManifest.xml:8:9-35
17        android:appComponentFactory="androidx.core.app.CoreComponentFactory"
17-->[androidx.core:core:1.3.1] AndroidManifest.xml:24:18-86
18        android:debuggable="true"
19        android:icon="@drawable/logo_mlkit"
19-->src\main\AndroidManifest.xml:9:9-44
20        android:label="@string/app_name"
20-->src\main\AndroidManifest.xml:10:9-41
21        android:testOnly="true"
22        android:theme="@style/AppTheme" >
22-->src\main\AndroidManifest.xml:11:9-40
23        <activity
23-->src\main\AndroidManifest.xml:12:9-21:20
24            android:name="com.languagetranslator.translate.MainActivity"
24-->src\main\AndroidManifest.xml:13:13-41
25            android:exported="true"
25-->src\main\AndroidManifest.xml:14:13-36
26            android:label="@string/app_name" >
26-->src\main\AndroidManifest.xml:15:13-45
27            <intent-filter>
27-->src\main\AndroidManifest.xml:16:13-20:29
28                <action android:name="android.intent.action.MAIN" />
28-->src\main\AndroidManifest.xml:17:17-69
28-->src\main\AndroidManifest.xml:17:25-66
29
30                <category android:name="android.intent.category.LAUNCHER" />
30-->src\main\AndroidManifest.xml:19:17-77
30-->src\main\AndroidManifest.xml:19:27-74
31            </intent-filter>
32        </activity>
33
34        <service
34-->[com.google.mlkit:translate:17.0.1] AndroidManifest.xml:11:9-17:19
35            android:name="com.google.mlkit.common.internal.MlKitComponentDiscoveryService"
35-->[com.google.mlkit:translate:17.0.1] AndroidManifest.xml:12:13-91
36            android:directBootAware="true"
36-->[com.google.mlkit:common:18.5.0] AndroidManifest.xml:17:13-43
37            android:exported="false" >
37-->[com.google.mlkit:translate:17.0.1] AndroidManifest.xml:13:13-37
38            <meta-data
38-->[com.google.mlkit:translate:17.0.1] AndroidManifest.xml:14:13-16:85
39                android:name="com.google.firebase.components:com.google.mlkit.nl.translate.NaturalLanguageTranslateRegistrar"
39-->[com.google.mlkit:translate:17.0.1] AndroidManifest.xml:15:17-126
40                android:value="com.google.firebase.components.ComponentRegistrar" />
40-->[com.google.mlkit:translate:17.0.1] AndroidManifest.xml:16:17-82
41            <meta-data
41-->[com.google.mlkit:common:18.5.0] AndroidManifest.xml:20:13-22:85
42                android:name="com.google.firebase.components:com.google.mlkit.common.internal.CommonComponentRegistrar"
42-->[com.google.mlkit:common:18.5.0] AndroidManifest.xml:21:17-120
43                android:value="com.google.firebase.components.ComponentRegistrar" />
43-->[com.google.mlkit:common:18.5.0] AndroidManifest.xml:22:17-82
44        </service>
45
46        <provider
46-->[com.google.mlkit:common:18.5.0] AndroidManifest.xml:9:9-13:38
47            android:name="com.google.mlkit.common.internal.MlKitInitProvider"
47-->[com.google.mlkit:common:18.5.0] AndroidManifest.xml:10:13-78
48            android:authorities="com.languagetranslator.translate.mlkitinitprovider"
48-->[com.google.mlkit:common:18.5.0] AndroidManifest.xml:11:13-69
49            android:exported="false"
49-->[com.google.mlkit:common:18.5.0] AndroidManifest.xml:12:13-37
50            android:initOrder="99" />
50-->[com.google.mlkit:common:18.5.0] AndroidManifest.xml:13:13-35
51
52        <activity
52-->[com.google.android.gms:play-services-base:18.1.0] AndroidManifest.xml:20:9-22:45
53            android:name="com.google.android.gms.common.api.GoogleApiActivity"
53-->[com.google.android.gms:play-services-base:18.1.0] AndroidManifest.xml:20:19-85
54            android:exported="false"
54-->[com.google.android.gms:play-services-base:18.1.0] AndroidManifest.xml:22:19-43
55            android:theme="@android:style/Theme.Translucent.NoTitleBar" />
55-->[com.google.android.gms:play-services-base:18.1.0] AndroidManifest.xml:21:19-78
56
57        <meta-data
57-->[com.google.android.gms:play-services-basement:18.1.0] AndroidManifest.xml:21:9-23:69
58            android:name="com.google.android.gms.version"
58-->[com.google.android.gms:play-services-basement:18.1.0] AndroidManifest.xml:22:13-58
59            android:value="@integer/google_play_services_version" />
59-->[com.google.android.gms:play-services-basement:18.1.0] AndroidManifest.xml:23:13-66
60
61        <service
61-->[com.google.android.datatransport:transport-backend-cct:2.3.3] AndroidManifest.xml:29:9-35:19
62            android:name="com.google.android.datatransport.runtime.backends.TransportBackendDiscovery"
62-->[com.google.android.datatransport:transport-backend-cct:2.3.3] AndroidManifest.xml:30:13-103
63            android:exported="false" >
63-->[com.google.android.datatransport:transport-backend-cct:2.3.3] AndroidManifest.xml:31:13-37
64            <meta-data
64-->[com.google.android.datatransport:transport-backend-cct:2.3.3] AndroidManifest.xml:32:13-34:39
65                android:name="backend:com.google.android.datatransport.cct.CctBackendFactory"
65-->[com.google.android.datatransport:transport-backend-cct:2.3.3] AndroidManifest.xml:33:17-94
66                android:value="cct" />
66-->[com.google.android.datatransport:transport-backend-cct:2.3.3] AndroidManifest.xml:34:17-36
67        </service>
68        <service
68-->[com.google.android.datatransport:transport-runtime:2.2.6] AndroidManifest.xml:26:9-30:19
69            android:name="com.google.android.datatransport.runtime.scheduling.jobscheduling.JobInfoSchedulerService"
69-->[com.google.android.datatransport:transport-runtime:2.2.6] AndroidManifest.xml:27:13-117
70            android:exported="false"
70-->[com.google.android.datatransport:transport-runtime:2.2.6] AndroidManifest.xml:28:13-37
71            android:permission="android.permission.BIND_JOB_SERVICE" >
71-->[com.google.android.datatransport:transport-runtime:2.2.6] AndroidManifest.xml:29:13-69
72        </service>
73
74        <receiver
74-->[com.google.android.datatransport:transport-runtime:2.2.6] AndroidManifest.xml:32:9-34:40
75            android:name="com.google.android.datatransport.runtime.scheduling.jobscheduling.AlarmManagerSchedulerBroadcastReceiver"
75-->[com.google.android.datatransport:transport-runtime:2.2.6] AndroidManifest.xml:33:13-132
76            android:exported="false" />
76-->[com.google.android.datatransport:transport-runtime:2.2.6] AndroidManifest.xml:34:13-37
77
78        <provider
78-->[androidx.lifecycle:lifecycle-process:2.2.0] AndroidManifest.xml:25:9-29:43
79            android:name="androidx.lifecycle.ProcessLifecycleOwnerInitializer"
79-->[androidx.lifecycle:lifecycle-process:2.2.0] AndroidManifest.xml:26:13-79
80            android:authorities="com.languagetranslator.translate.lifecycle-process"
80-->[androidx.lifecycle:lifecycle-process:2.2.0] AndroidManifest.xml:27:13-69
81            android:exported="false"
81-->[androidx.lifecycle:lifecycle-process:2.2.0] AndroidManifest.xml:28:13-37
82            android:multiprocess="true" />
82-->[androidx.lifecycle:lifecycle-process:2.2.0] AndroidManifest.xml:29:13-40
83    </application>
84
85</manifest>